Using pre-set license
Built from '2020.3/staging' branch; Version is '2020.3.6f1 (338bb68529b2) revision 3378102'; Using compiler version '192528614'; Build Type 'Release'
OS: 'Windows 10 Pro; OS build 19042.985; Version 2009; 64bit' Language: 'ru' Physical Memory: 16165 MB
BatchMode: 1, IsHumanControllingUs: 0, StartBugReporterOnCrash: 0, Is64bit: 1, IsPro: 0

 COMMAND LINE ARGUMENTS:
C:\Program Files\Unity\Hub\Editor\2020.3.6f1\Editor\Unity.exe
-adb2
-batchMode
-noUpm
-name
AssetImportWorker0
-projectPath
C:/UnityProjects/Bartender simulator
-logFile
Logs/AssetImportWorker0.log
-srvPort
64623
Successfully changed project path to: C:/UnityProjects/Bartender simulator
C:/UnityProjects/Bartender simulator
Using Asset Import Pipeline V2.
Refreshing native plugins compatible for Editor in 44.51 ms, found 1 plugins.
Preloading 0 native plugins for Editor in 0.00 ms.
Initialize engine version: 2020.3.6f1 (338bb68529b2)
[Subsystems] Discovering subsystems at path C:/Program Files/Unity/Hub/Editor/2020.3.6f1/Editor/Data/Resources/UnitySubsystems
[Subsystems] Discovering subsystems at path C:/UnityProjects/Bartender simulator/Assets
GfxDevice: creating device client; threaded=0
Direct3D:
    Version:  Direct3D 11.0 [level 11.1]
    Renderer: NVIDIA GeForce GTX 1050 (ID=0x1c8d)
    Vendor:   
    VRAM:     4019 MB
    Driver:   27.21.14.6611
Initialize mono
Mono path[0] = 'C:/Program Files/Unity/Hub/Editor/2020.3.6f1/Editor/Data/Managed'
Mono path[1] = 'C:/Program Files/Unity/Hub/Editor/2020.3.6f1/Editor/Data/MonoBleedingEdge/lib/mono/unityjit'
Mono config path = 'C:/Program Files/Unity/Hub/Editor/2020.3.6f1/Editor/Data/MonoBleedingEdge/etc'
Using monoOptions --debugger-agent=transport=dt_socket,embedding=1,server=y,suspend=n,address=127.0.0.1:56872
Begin MonoManager ReloadAssembly
Registering precompiled unity dll's ...
Register platform support module: C:/Program Files/Unity/Hub/Editor/2020.3.6f1/Editor/Data/PlaybackEngines/WindowsStandaloneSupport/UnityEditor.WindowsStandalone.Extensions.dll
Registered in 0.002181 seconds.
Native extension for WindowsStandalone target not found
Refreshing native plugins compatible for Editor in 42.06 ms, found 1 plugins.
Preloading 0 native plugins for Editor in 0.00 ms.
Mono: successfully reloaded assembly
- Completed reload, in  1.498 seconds
Platform modules already initialized, skipping
Registering precompiled user dll's ...
Registered in 0.001009 seconds.
Begin MonoManager ReloadAssembly
Native extension for WindowsStandalone target not found
Refreshing native plugins compatible for Editor in 37.48 ms, found 1 plugins.
Preloading 0 native plugins for Editor in 0.00 ms.
Mono: successfully reloaded assembly
- Completed reload, in  0.977 seconds
Platform modules already initialized, skipping
========================================================================
Worker process is ready to serve import requests
Launched and connected shader compiler UnityShaderCompiler.exe after 0.04 seconds
Refreshing native plugins compatible for Editor in 0.44 ms, found 1 plugins.
Preloading 0 native plugins for Editor in 0.00 ms.
Unloading 1907 Unused Serialized files (Serialized files now loaded: 0)
System memory in use before: 87.5 MB.
System memory in use after: 87.6 MB.

Unloading 32 unused Assets to reduce memory usage. Loaded Objects now: 2341.
Total: 2.591900 ms (FindLiveObjects: 0.287900 ms CreateObjectMapping: 0.274400 ms MarkObjects: 1.962300 ms  DeleteObjects: 0.066300 ms)

========================================================================
Received Import Request.
  path: Assets
  artifactKey: Guid(00000000000000001000000000000000) Importer(815301076,1909f56bfc062723c751e8b465ee728b)
Start importing Assets using Guid(00000000000000001000000000000000) Importer(815301076,1909f56bfc062723c751e8b465ee728b)  -> (artifact id: '2c602d4445bd9e0e517b9a7c882a2249') in 0.008077 seconds
  Import took 0.010993 seconds .

========================================================================
Received Import Request.
  Time since last request: 11.875682 seconds.
  path: Assets/Prefabs
  artifactKey: Guid(fe4822d0a845a8f49a401a5d25a3ec5a) Importer(815301076,1909f56bfc062723c751e8b465ee728b)
Start importing Assets/Prefabs using Guid(fe4822d0a845a8f49a401a5d25a3ec5a) Importer(815301076,1909f56bfc062723c751e8b465ee728b)  -> (artifact id: '5c0b154993b3ce741efcf479bb1f8efb') in 0.008063 seconds
  Import took 0.012264 seconds .

========================================================================
Received Import Request.
  Time since last request: 22.589291 seconds.
  path: Assets/Scripts
  artifactKey: Guid(9a1afcd4ccb3a7b4988bea47fb39adec) Importer(815301076,1909f56bfc062723c751e8b465ee728b)
Start importing Assets/Scripts using Guid(9a1afcd4ccb3a7b4988bea47fb39adec) Importer(815301076,1909f56bfc062723c751e8b465ee728b)  -> (artifact id: '5412c622184057a415356e129ab06542') in 0.007787 seconds
  Import took 0.011192 seconds .

========================================================================
Received Prepare
Registering precompiled user dll's ...
Registered in 0.001028 seconds.
Begin MonoManager ReloadAssembly
Native extension for WindowsStandalone target not found
Refreshing native plugins compatible for Editor in 0.46 ms, found 1 plugins.
Preloading 0 native plugins for Editor in 0.00 ms.
Mono: successfully reloaded assembly
- Completed reload, in  0.994 seconds
Platform modules already initialized, skipping
Switching build target platform(5) subTarget(0) extendedPlatform(0) -> platform(13) subTarget(537395200) extendedPlatform(0)
Refreshing native plugins compatible for Editor in 0.73 ms, found 1 plugins.
Preloading 0 native plugins for Editor in 0.00 ms.
Unloading 1901 Unused Serialized files (Serialized files now loaded: 0)
System memory in use before: 86.9 MB.
System memory in use after: 87.1 MB.

Unloading 20 unused Assets to reduce memory usage. Loaded Objects now: 2345.
Total: 1.980600 ms (FindLiveObjects: 0.190900 ms CreateObjectMapping: 0.070200 ms MarkObjects: 1.703600 ms  DeleteObjects: 0.014800 ms)

AssetImportParameters requested are different than current active one (requested -> active):
  custom:graphics/normal-map-encoding: 01000000000000000000000000000000 -> 02000000000000000000000000000000
========================================================================
Received Prepare
Refreshing native plugins compatible for Editor in 4.96 ms, found 1 plugins.
Preloading 0 native plugins for Editor in 0.00 ms.
Unloading 18 Unused Serialized files (Serialized files now loaded: 0)
System memory in use before: 49.8 MB.
System memory in use after: 49.9 MB.

Unloading 18 unused Assets to reduce memory usage. Loaded Objects now: 2345.
Total: 2.600100 ms (FindLiveObjects: 0.168700 ms CreateObjectMapping: 0.070200 ms MarkObjects: 2.306100 ms  DeleteObjects: 0.053600 ms)

========================================================================
Received Import Request.
  Time since last request: 215.308323 seconds.
  path: ProjectSettings/TagManager.asset
  artifactKey: Guid(00000000000000003000000000000000) Importer(815301076,1909f56bfc062723c751e8b465ee728b)
Start importing ProjectSettings/TagManager.asset using Guid(00000000000000003000000000000000) Importer(815301076,1909f56bfc062723c751e8b465ee728b)  -> (artifact id: '7960a73919d8baa12bca0e2fc225c862') in 0.036343 seconds
  Import took 0.039712 seconds .

========================================================================
Received Import Request.
  Time since last request: 145.703816 seconds.
  path: Assets/Scripts/LoadScene.cs
  artifactKey: Guid(06eaba38dc5937c41a0cd914d6771adb) Importer(815301076,1909f56bfc062723c751e8b465ee728b)
Start importing Assets/Scripts/LoadScene.cs using Guid(06eaba38dc5937c41a0cd914d6771adb) Importer(815301076,1909f56bfc062723c751e8b465ee728b)  -> (artifact id: 'c9e8ea22c481957946178d9d33444e9b') in 0.011442 seconds
  Import took 0.014225 seconds .

========================================================================
Received Import Request.
  Time since last request: 0.018882 seconds.
  path: Assets/Scripts/LoadScene.cs
  artifactKey: Guid(06eaba38dc5937c41a0cd914d6771adb) Importer(815301076,1909f56bfc062723c751e8b465ee728b)
Start importing Assets/Scripts/LoadScene.cs using Guid(06eaba38dc5937c41a0cd914d6771adb) Importer(815301076,1909f56bfc062723c751e8b465ee728b)  -> (artifact id: 'c9e8ea22c481957946178d9d33444e9b') in 0.002274 seconds
  Import took 0.005737 seconds .

========================================================================
Received Prepare
Registering precompiled user dll's ...
Registered in 0.001156 seconds.
Begin MonoManager ReloadAssembly
Native extension for WindowsStandalone target not found
Refreshing native plugins compatible for Editor in 0.44 ms, found 1 plugins.
Preloading 0 native plugins for Editor in 0.00 ms.
Mono: successfully reloaded assembly
- Completed reload, in  0.886 seconds
Platform modules already initialized, skipping
Switching build target platform(5) subTarget(0) extendedPlatform(0) -> platform(13) subTarget(537395200) extendedPlatform(0)
Refreshing native plugins compatible for Editor in 0.43 ms, found 1 plugins.
Preloading 0 native plugins for Editor in 0.00 ms.
Unloading 1902 Unused Serialized files (Serialized files now loaded: 0)
System memory in use before: 87.0 MB.
System memory in use after: 87.1 MB.

Unloading 21 unused Assets to reduce memory usage. Loaded Objects now: 2350.
Total: 1.919100 ms (FindLiveObjects: 0.252800 ms CreateObjectMapping: 0.105700 ms MarkObjects: 1.536000 ms  DeleteObjects: 0.023600 ms)

AssetImportParameters requested are different than current active one (requested -> active):
  custom:graphics/normal-map-encoding: 01000000000000000000000000000000 -> 02000000000000000000000000000000
========================================================================
Received Import Request.
  Time since last request: 62.518636 seconds.
  path: Assets/Scripts/LoadScene.cs
  artifactKey: Guid(06eaba38dc5937c41a0cd914d6771adb) Importer(815301076,1909f56bfc062723c751e8b465ee728b)
Start importing Assets/Scripts/LoadScene.cs using Guid(06eaba38dc5937c41a0cd914d6771adb) Importer(815301076,1909f56bfc062723c751e8b465ee728b)  -> (artifact id: '96515f8409a6f06e713f3c25a498fc98') in 0.006576 seconds
  Import took 0.010140 seconds .

========================================================================
Received Import Request.
  Time since last request: 5.155322 seconds.
  path: Assets/Editor/com.unity.mobile.notifications
  artifactKey: Guid(8d94ea3741ad8d344a76cca0aa62f67e) Importer(815301076,1909f56bfc062723c751e8b465ee728b)
Start importing Assets/Editor/com.unity.mobile.notifications using Guid(8d94ea3741ad8d344a76cca0aa62f67e) Importer(815301076,1909f56bfc062723c751e8b465ee728b)  -> (artifact id: '526c21c5360f288d922772d058610ba7') in 0.007189 seconds
  Import took 0.010439 seconds .

========================================================================
Received Import Request.
  Time since last request: 0.073944 seconds.
  path: Assets/Editor/com.unity.mobile.notifications/NotificationSettings.asset
  artifactKey: Guid(4cee8bca36f2ab74b8feb832747fa6f4) Importer(815301076,1909f56bfc062723c751e8b465ee728b)
Start importing Assets/Editor/com.unity.mobile.notifications/NotificationSettings.asset using Guid(4cee8bca36f2ab74b8feb832747fa6f4) Importer(815301076,1909f56bfc062723c751e8b465ee728b)  -> (artifact id: '30c6eec6ed5f9bb580f775cbcacb43a7') in 0.014826 seconds
  Import took 0.018082 seconds .

========================================================================
Received Import Request.
  Time since last request: 12.626110 seconds.
  path: Assets/Scenes/SampleScene.unity
  artifactKey: Guid(2cda990e2423bbf4892e6590ba056729) Importer(815301076,1909f56bfc062723c751e8b465ee728b)
Start importing Assets/Scenes/SampleScene.unity using Guid(2cda990e2423bbf4892e6590ba056729) Importer(815301076,1909f56bfc062723c751e8b465ee728b)  -> (artifact id: '3b3a398f83d67c2060d6cb64906eb8de') in 0.009469 seconds
  Import took 0.013481 seconds .

========================================================================
Received Import Request.
  Time since last request: 7.886069 seconds.
  path: Assets/Scenes/MainMenu.unity
  artifactKey: Guid(2cda990e2423bbf4892e6590ba056729) Importer(815301076,1909f56bfc062723c751e8b465ee728b)
Start importing Assets/Scenes/MainMenu.unity using Guid(2cda990e2423bbf4892e6590ba056729) Importer(815301076,1909f56bfc062723c751e8b465ee728b)  -> (artifact id: '17459504ffccb1e579e50ab0b844d8fc') in 0.007195 seconds
  Import took 0.010231 seconds .

========================================================================
Received Import Request.
  Time since last request: 2.375339 seconds.
  path: Assets/Scenes
  artifactKey: Guid(bbbc74fad6ed1d243aee6102298f428b) Importer(815301076,1909f56bfc062723c751e8b465ee728b)
Start importing Assets/Scenes using Guid(bbbc74fad6ed1d243aee6102298f428b) Importer(815301076,1909f56bfc062723c751e8b465ee728b)  -> (artifact id: 'd08568135b0b8bb3dd5fda1dc3a34cad') in 0.006915 seconds
  Import took 0.009847 seconds .

========================================================================
Received Import Request.
  Time since last request: 36.732591 seconds.
  path: Assets/Scenes/Game.unity
  artifactKey: Guid(f7b52ada5e1654d4e8b6ad195724b44c) Importer(815301076,1909f56bfc062723c751e8b465ee728b)
Start importing Assets/Scenes/Game.unity using Guid(f7b52ada5e1654d4e8b6ad195724b44c) Importer(815301076,1909f56bfc062723c751e8b465ee728b)  -> (artifact id: '6b8100241ffd676aed51bc723b8d1903') in 0.008377 seconds
  Import took 0.012814 seconds .

========================================================================
Received Import Request.
  Time since last request: 15.540965 seconds.
  path: Assets/Scenes/Tavern.unity
  artifactKey: Guid(e1e789cd1ab59dc49a07b10a769bee16) Importer(815301076,1909f56bfc062723c751e8b465ee728b)
Start importing Assets/Scenes/Tavern.unity using Guid(e1e789cd1ab59dc49a07b10a769bee16) Importer(815301076,1909f56bfc062723c751e8b465ee728b)  -> (artifact id: '1f724719e69d0a55dd090f4db3098bc6') in 0.008973 seconds
  Import took 0.012216 seconds .

========================================================================
Received Import Request.
  Time since last request: 0.000809 seconds.
  path: Assets/Scenes/Tavern.unity
  artifactKey: Guid(e1e789cd1ab59dc49a07b10a769bee16) Importer(815301076,1909f56bfc062723c751e8b465ee728b)
Start importing Assets/Scenes/Tavern.unity using Guid(e1e789cd1ab59dc49a07b10a769bee16) Importer(815301076,1909f56bfc062723c751e8b465ee728b)  -> (artifact id: '1f724719e69d0a55dd090f4db3098bc6') in 0.002984 seconds
  Import took 0.007988 seconds .

========================================================================
Received Prepare
Registering precompiled user dll's ...
Registered in 0.001034 seconds.
Begin MonoManager ReloadAssembly
Native extension for WindowsStandalone target not found
Refreshing native plugins compatible for Editor in 0.49 ms, found 1 plugins.
Preloading 0 native plugins for Editor in 0.00 ms.
Mono: successfully reloaded assembly
- Completed reload, in  1.055 seconds
Platform modules already initialized, skipping
Switching build target platform(5) subTarget(0) extendedPlatform(0) -> platform(13) subTarget(537395200) extendedPlatform(0)
Refreshing native plugins compatible for Editor in 0.44 ms, found 1 plugins.
Preloading 0 native plugins for Editor in 0.00 ms.
Unloading 1949 Unused Serialized files (Serialized files now loaded: 0)
System memory in use before: 90.3 MB.
System memory in use after: 89.8 MB.

Unloading 33 unused Assets to reduce memory usage. Loaded Objects now: 2388.
Total: 2.273800 ms (FindLiveObjects: 0.253200 ms CreateObjectMapping: 0.097100 ms MarkObjects: 1.622100 ms  DeleteObjects: 0.300000 ms)

AssetImportParameters requested are different than current active one (requested -> active):
  custom:graphics/normal-map-encoding: 01000000000000000000000000000000 -> 02000000000000000000000000000000
========================================================================
Received Import Request.
  Time since last request: 283.681550 seconds.
  path: Assets/Scenes/MainMenu.unity
  artifactKey: Guid(2cda990e2423bbf4892e6590ba056729) Importer(815301076,1909f56bfc062723c751e8b465ee728b)
Start importing Assets/Scenes/MainMenu.unity using Guid(2cda990e2423bbf4892e6590ba056729) Importer(815301076,1909f56bfc062723c751e8b465ee728b)  -> (artifact id: 'd135d13d1fe638dd9229f423042bd454') in 0.014360 seconds
  Import took 0.017979 seconds .

========================================================================
Received Import Request.
  Time since last request: 31.916512 seconds.
  path: Assets/Tavern
  artifactKey: Guid(ca5f094a7f6ed174ea2ae22eeaa36fc5) Importer(815301076,1909f56bfc062723c751e8b465ee728b)
Start importing Assets/Tavern using Guid(ca5f094a7f6ed174ea2ae22eeaa36fc5) Importer(815301076,1909f56bfc062723c751e8b465ee728b)  -> (artifact id: '1d95d44417e5bd617848529af24700a8') in 0.008328 seconds
  Import took 0.011453 seconds .

========================================================================
Received Import Request.
  Time since last request: 8.877691 seconds.
  path: Assets/Game
  artifactKey: Guid(3e310f1b01e123a44aaa3615ec55d96d) Importer(815301076,1909f56bfc062723c751e8b465ee728b)
Start importing Assets/Game using Guid(3e310f1b01e123a44aaa3615ec55d96d) Importer(815301076,1909f56bfc062723c751e8b465ee728b)  -> (artifact id: '52ba7863004468f14e2f8de57120eafd') in 0.007846 seconds
  Import took 0.011017 seconds .

========================================================================
Received Import Request.
  Time since last request: 79.432767 seconds.
  path: Assets/Scenes/Tavern.unity
  artifactKey: Guid(e1e789cd1ab59dc49a07b10a769bee16) Importer(815301076,1909f56bfc062723c751e8b465ee728b)
Start importing Assets/Scenes/Tavern.unity using Guid(e1e789cd1ab59dc49a07b10a769bee16) Importer(815301076,1909f56bfc062723c751e8b465ee728b)  -> (artifact id: 'abfb66a397e3977e47e9f70fad7c8aed') in 0.007885 seconds
  Import took 0.011709 seconds .

========================================================================
Received Import Request.
  Time since last request: 1994.455207 seconds.
  path: Assets/Tavern/Bartender.cs
  artifactKey: Guid(de9fddf8bb42de041a3a7c722a95c90c) Importer(815301076,1909f56bfc062723c751e8b465ee728b)
Start importing Assets/Tavern/Bartender.cs using Guid(de9fddf8bb42de041a3a7c722a95c90c) Importer(815301076,1909f56bfc062723c751e8b465ee728b)  -> (artifact id: '72187b46194a518ff3ea4c40265050ba') in 0.008942 seconds
  Import took 0.016561 seconds .

========================================================================
Received Prepare
Registering precompiled user dll's ...
Registered in 0.001496 seconds.
Begin MonoManager ReloadAssembly
Native extension for WindowsStandalone target not found
Refreshing native plugins compatible for Editor in 0.46 ms, found 1 plugins.
Preloading 0 native plugins for Editor in 0.00 ms.
Mono: successfully reloaded assembly
- Completed reload, in  1.001 seconds
Platform modules already initialized, skipping
Switching build target platform(5) subTarget(0) extendedPlatform(0) -> platform(13) subTarget(537395200) extendedPlatform(0)
Refreshing native plugins compatible for Editor in 0.43 ms, found 1 plugins.
Preloading 0 native plugins for Editor in 0.00 ms.
Unloading 1950 Unused Serialized files (Serialized files now loaded: 0)
System memory in use before: 90.4 MB.
System memory in use after: 89.8 MB.

Unloading 33 unused Assets to reduce memory usage. Loaded Objects now: 2393.
Total: 2.439300 ms (FindLiveObjects: 0.220100 ms CreateObjectMapping: 0.085800 ms MarkObjects: 1.811500 ms  DeleteObjects: 0.320800 ms)

AssetImportParameters requested are different than current active one (requested -> active):
  custom:graphics/normal-map-encoding: 01000000000000000000000000000000 -> 02000000000000000000000000000000
========================================================================
Received Prepare
Registering precompiled user dll's ...
Registered in 0.001215 seconds.
Begin MonoManager ReloadAssembly
Native extension for WindowsStandalone target not found
Refreshing native plugins compatible for Editor in 0.48 ms, found 1 plugins.
Preloading 0 native plugins for Editor in 0.00 ms.
Mono: successfully reloaded assembly
- Completed reload, in  1.050 seconds
Platform modules already initialized, skipping
Switching build target platform(5) subTarget(0) extendedPlatform(0) -> platform(13) subTarget(537395200) extendedPlatform(0)
Refreshing native plugins compatible for Editor in 0.46 ms, found 1 plugins.
Preloading 0 native plugins for Editor in 0.00 ms.
Unloading 1950 Unused Serialized files (Serialized files now loaded: 0)
System memory in use before: 90.5 MB.
System memory in use after: 90.0 MB.

Unloading 33 unused Assets to reduce memory usage. Loaded Objects now: 2397.
Total: 2.695800 ms (FindLiveObjects: 0.351600 ms CreateObjectMapping: 0.144000 ms MarkObjects: 1.781300 ms  DeleteObjects: 0.417400 ms)

AssetImportParameters requested are different than current active one (requested -> active):
  custom:graphics/normal-map-encoding: 01000000000000000000000000000000 -> 02000000000000000000000000000000
========================================================================
Received Import Request.
  Time since last request: 350.364650 seconds.
  path: Assets/Tavern/Bartender.cs
  artifactKey: Guid(de9fddf8bb42de041a3a7c722a95c90c) Importer(815301076,1909f56bfc062723c751e8b465ee728b)
Start importing Assets/Tavern/Bartender.cs using Guid(de9fddf8bb42de041a3a7c722a95c90c) Importer(815301076,1909f56bfc062723c751e8b465ee728b)  -> (artifact id: '470299df40eb4889bc695afb526e395d') in 0.010278 seconds
  Import took 0.013300 seconds .

========================================================================
Received Prepare
Registering precompiled user dll's ...
Registered in 0.001494 seconds.
Begin MonoManager ReloadAssembly
Native extension for WindowsStandalone target not found
Refreshing native plugins compatible for Editor in 0.50 ms, found 1 plugins.
Preloading 0 native plugins for Editor in 0.00 ms.
Mono: successfully reloaded assembly
- Completed reload, in  0.991 seconds
Platform modules already initialized, skipping
Switching build target platform(5) subTarget(0) extendedPlatform(0) -> platform(13) subTarget(537395200) extendedPlatform(0)
Refreshing native plugins compatible for Editor in 0.45 ms, found 1 plugins.
Preloading 0 native plugins for Editor in 0.00 ms.
Unloading 1950 Unused Serialized files (Serialized files now loaded: 0)
System memory in use before: 90.5 MB.
System memory in use after: 90.0 MB.

Unloading 33 unused Assets to reduce memory usage. Loaded Objects now: 2401.
Total: 2.426400 ms (FindLiveObjects: 0.209100 ms CreateObjectMapping: 0.089900 ms MarkObjects: 1.816500 ms  DeleteObjects: 0.309700 ms)

AssetImportParameters requested are different than current active one (requested -> active):
  custom:graphics/normal-map-encoding: 01000000000000000000000000000000 -> 02000000000000000000000000000000
========================================================================
Received Import Request.
  Time since last request: 609.719532 seconds.
  path: Assets/Tavern/Bartender.cs
  artifactKey: Guid(de9fddf8bb42de041a3a7c722a95c90c) Importer(815301076,1909f56bfc062723c751e8b465ee728b)
Start importing Assets/Tavern/Bartender.cs using Guid(de9fddf8bb42de041a3a7c722a95c90c) Importer(815301076,1909f56bfc062723c751e8b465ee728b)  -> (artifact id: '38d1054150620c0820582d85dbe054ca') in 0.008189 seconds
  Import took 0.010973 seconds .

========================================================================
Received Prepare
Registering precompiled user dll's ...
Registered in 0.001029 seconds.
Begin MonoManager ReloadAssembly
Native extension for WindowsStandalone target not found
Refreshing native plugins compatible for Editor in 0.45 ms, found 1 plugins.
Preloading 0 native plugins for Editor in 0.00 ms.
Mono: successfully reloaded assembly
- Completed reload, in  1.002 seconds
Platform modules already initialized, skipping
Switching build target platform(5) subTarget(0) extendedPlatform(0) -> platform(13) subTarget(537395200) extendedPlatform(0)
Refreshing native plugins compatible for Editor in 0.44 ms, found 1 plugins.
Preloading 0 native plugins for Editor in 0.00 ms.
Unloading 1950 Unused Serialized files (Serialized files now loaded: 0)
System memory in use before: 90.5 MB.
System memory in use after: 90.0 MB.

Unloading 33 unused Assets to reduce memory usage. Loaded Objects now: 2405.
Total: 2.440300 ms (FindLiveObjects: 0.313500 ms CreateObjectMapping: 0.164200 ms MarkObjects: 1.634300 ms  DeleteObjects: 0.326600 ms)

AssetImportParameters requested are different than current active one (requested -> active):
  custom:graphics/normal-map-encoding: 01000000000000000000000000000000 -> 02000000000000000000000000000000
========================================================================
Received Import Request.
  Time since last request: 205.106636 seconds.
  path: Assets/Tavern/Bartender.cs
  artifactKey: Guid(de9fddf8bb42de041a3a7c722a95c90c) Importer(815301076,1909f56bfc062723c751e8b465ee728b)
Start importing Assets/Tavern/Bartender.cs using Guid(de9fddf8bb42de041a3a7c722a95c90c) Importer(815301076,1909f56bfc062723c751e8b465ee728b)  -> (artifact id: 'e75729a350a5ccf8225c5a256297f3cf') in 0.004872 seconds
  Import took 0.007660 seconds .

========================================================================
Received Prepare
Registering precompiled user dll's ...
Registered in 0.001063 seconds.
Begin MonoManager ReloadAssembly
Native extension for WindowsStandalone target not found
Refreshing native plugins compatible for Editor in 0.45 ms, found 1 plugins.
Preloading 0 native plugins for Editor in 0.00 ms.
Mono: successfully reloaded assembly
- Completed reload, in  1.000 seconds
Platform modules already initialized, skipping
Switching build target platform(5) subTarget(0) extendedPlatform(0) -> platform(13) subTarget(537395200) extendedPlatform(0)
Refreshing native plugins compatible for Editor in 0.44 ms, found 1 plugins.
Preloading 0 native plugins for Editor in 0.00 ms.
Unloading 1950 Unused Serialized files (Serialized files now loaded: 0)
System memory in use before: 90.5 MB.
System memory in use after: 90.0 MB.

Unloading 33 unused Assets to reduce memory usage. Loaded Objects now: 2409.
Total: 3.358000 ms (FindLiveObjects: 0.213800 ms CreateObjectMapping: 0.090800 ms MarkObjects: 2.684000 ms  DeleteObjects: 0.367800 ms)

AssetImportParameters requested are different than current active one (requested -> active):
  custom:graphics/normal-map-encoding: 01000000000000000000000000000000 -> 02000000000000000000000000000000
========================================================================
Received Import Request.
  Time since last request: 227.704326 seconds.
  path: Assets/Tavern/Bartender.cs
  artifactKey: Guid(de9fddf8bb42de041a3a7c722a95c90c) Importer(815301076,1909f56bfc062723c751e8b465ee728b)
Start importing Assets/Tavern/Bartender.cs using Guid(de9fddf8bb42de041a3a7c722a95c90c) Importer(815301076,1909f56bfc062723c751e8b465ee728b)  -> (artifact id: 'e181b1eaacbd130f102c52806eb250a3') in 0.005415 seconds
  Import took 0.008229 seconds .

========================================================================
Received Prepare
Registering precompiled user dll's ...
Registered in 0.001058 seconds.
Begin MonoManager ReloadAssembly
Native extension for WindowsStandalone target not found
Refreshing native plugins compatible for Editor in 0.46 ms, found 1 plugins.
Preloading 0 native plugins for Editor in 0.00 ms.
Mono: successfully reloaded assembly
- Completed reload, in  1.033 seconds
Platform modules already initialized, skipping
Switching build target platform(5) subTarget(0) extendedPlatform(0) -> platform(13) subTarget(537395200) extendedPlatform(0)
Refreshing native plugins compatible for Editor in 0.46 ms, found 1 plugins.
Preloading 0 native plugins for Editor in 0.00 ms.
Unloading 1950 Unused Serialized files (Serialized files now loaded: 0)
System memory in use before: 90.5 MB.
System memory in use after: 90.0 MB.

Unloading 33 unused Assets to reduce memory usage. Loaded Objects now: 2413.
Total: 2.964500 ms (FindLiveObjects: 0.452600 ms CreateObjectMapping: 0.170100 ms MarkObjects: 2.009300 ms  DeleteObjects: 0.331000 ms)

AssetImportParameters requested are different than current active one (requested -> active):
  custom:graphics/normal-map-encoding: 01000000000000000000000000000000 -> 02000000000000000000000000000000
========================================================================
Received Import Request.
  Time since last request: 749.796808 seconds.
  path: Assets/Tavern/Bartender.cs
  artifactKey: Guid(de9fddf8bb42de041a3a7c722a95c90c) Importer(815301076,1909f56bfc062723c751e8b465ee728b)
Start importing Assets/Tavern/Bartender.cs using Guid(de9fddf8bb42de041a3a7c722a95c90c) Importer(815301076,1909f56bfc062723c751e8b465ee728b)  -> (artifact id: '371119fac5beb4be486337f40472a68c') in 0.004658 seconds
  Import took 0.007951 seconds .

========================================================================
Received Import Request.
  Time since last request: 25.144796 seconds.
  path: Assets/Tavern/Client.cs
  artifactKey: Guid(84ad10b53cf03e545ae140aab91d415c) Importer(815301076,1909f56bfc062723c751e8b465ee728b)
Start importing Assets/Tavern/Client.cs using Guid(84ad10b53cf03e545ae140aab91d415c) Importer(815301076,1909f56bfc062723c751e8b465ee728b)  -> (artifact id: '087df62ce6de5c216f3e56766afc9527') in 0.008451 seconds
  Import took 0.013613 seconds .

========================================================================
Received Prepare
Registering precompiled user dll's ...
Registered in 0.001102 seconds.
Begin MonoManager ReloadAssembly
Native extension for WindowsStandalone target not found
Refreshing native plugins compatible for Editor in 0.52 ms, found 1 plugins.
Preloading 0 native plugins for Editor in 0.00 ms.
Mono: successfully reloaded assembly
- Completed reload, in  1.128 seconds
Platform modules already initialized, skipping
Switching build target platform(5) subTarget(0) extendedPlatform(0) -> platform(13) subTarget(537395200) extendedPlatform(0)
Refreshing native plugins compatible for Editor in 0.44 ms, found 1 plugins.
Preloading 0 native plugins for Editor in 0.00 ms.
Unloading 1951 Unused Serialized files (Serialized files now loaded: 0)
System memory in use before: 90.6 MB.
System memory in use after: 90.0 MB.

Unloading 33 unused Assets to reduce memory usage. Loaded Objects now: 2418.
Total: 2.586800 ms (FindLiveObjects: 0.505500 ms CreateObjectMapping: 0.130300 ms MarkObjects: 1.635200 ms  DeleteObjects: 0.314100 ms)

AssetImportParameters requested are different than current active one (requested -> active):
  custom:graphics/normal-map-encoding: 01000000000000000000000000000000 -> 02000000000000000000000000000000
